This file contains any messages produced by compilers while
running configure, to aid debugging if configure makes a mistake.

It was created by OpenFst configure 1.3.4, which was
generated by GNU Autoconf 2.69.  Invocation command line was

  $ ./configure --prefix=/Volumes/Seagate/Seagate_Dashboard/kaldi/tools/openfst-1.3.4 --enable-static --enable-shared --enable-far --enable-ngram-fsts CXX=g++ CXXFLAGS=-stdlib=libstdc++ LDFLAGS=-stdlib=libstdc++ LIBS=-ldl --no-create --no-recursion

## --------- ##
## Platform. ##
## --------- ##

hostname = Sooyoungs-MacBook-Air.local
uname -m = x86_64
uname -r = 15.6.0
uname -s = Darwin
uname -v = Darwin Kernel Version 15.6.0: Mon Aug 29 20:21:34 PDT 2016; root:xnu-3248.60.11~1/RELEASE_X86_64

/usr/bin/uname -p = i386
/bin/uname -X     = unknown

/bin/arch              = unknown
/usr/bin/arch -k       = unknown
/usr/convex/getsysinfo = unknown
/usr/bin/hostinfo      = Mach kernel version:
	 Darwin Kernel Version 15.6.0: Mon Aug 29 20:21:34 PDT 2016; root:xnu-3248.60.11~1/RELEASE_X86_64
Kernel configured for up to 4 processors.
2 processors are physically available.
4 processors are logically available.
Processor type: x86_64h (Intel x86-64h Haswell)
Processors active: 0 1 2 3
Primary memory available: 4.00 gigabytes
Default processor set: 255 tasks, 1366 threads, 4 processors
Load average: 3.23, Mach factor: 1.50
/bin/machine           = unknown
/usr/bin/oslevel       = unknown
/bin/universe          = unknown

PATH: /Users/Sooyoung/panlex-tools/bin
PATH: /Users/Sooyoung/perl5/perlbrew/bin
PATH: /Users/Sooyoung/perl5/perlbrew/perls/perl-5.24.0/bin
PATH: //anaconda/bin
PATH: /opt/local/bin
PATH: /opt/local/sbin
PATH: /Library/Frameworks/Python.framework/Versions/3.4/bin
PATH: /Library/Frameworks/Python.framework/Versions/3.4/bin
PATH: /Library/Frameworks/Python.framework/Versions/3.5/bin
PATH: /Library/Frameworks/Python.framework/Versions/2.7/bin
PATH: /usr/local/bin
PATH: /usr/bin
PATH: /bin
PATH: /usr/sbin
PATH: /sbin
PATH: /Library/TeX/texbin


## ----------- ##
## Core tests. ##
## ----------- ##

configure:2370: checking for a BSD-compatible install
configure:2438: result: /usr/bin/install -c
configure:2449: checking whether build environment is sane
configure:2499: result: yes
configure:2640: checking for a thread-safe mkdir -p
configure:2679: result: ./install-sh -c -d
configure:2692: checking for gawk
configure:2722: result: no
configure:2692: checking for mawk
configure:2722: result: no
configure:2692: checking for nawk
configure:2722: result: no
configure:2692: checking for awk
configure:2708: found /usr/bin/awk
configure:2719: result: awk
configure:2730: checking whether make sets $(MAKE)
configure:2752: result: yes
configure:2945: checking for C++ compiler version
configure:2954: g++ --version >&5
Apple LLVM version 7.3.0 (clang-703.0.31)
Target: x86_64-apple-darwin15.6.0
Thread model: posix
InstalledDir: /Library/Developer/CommandLineTools/usr/bin
Configured with: --prefix=/Library/Developer/CommandLineTools/usr --with-gxx-include-dir=/usr/include/c++/4.2.1
configure:2965: $? = 0
configure:2954: g++ -v >&5
Configured with: --prefix=/Library/Developer/CommandLineTools/usr --with-gxx-include-dir=/usr/include/c++/4.2.1
Apple LLVM version 7.3.0 (clang-703.0.31)
Target: x86_64-apple-darwin15.6.0
Thread model: posix
InstalledDir: /Library/Developer/CommandLineTools/usr/bin
configure:2965: $? = 0
configure:2954: g++ -V >&5
clang: error: argument to '-V' is missing (expected 1 value)
clang: error: no input files
configure:2965: $? = 1
configure:2954: g++ -qversion >&5
clang: error: unknown argument: '-qversion'
clang: error: no input files
configure:2965: $? = 1
configure:2985: checking whether the C++ compiler works
configure:3007: g++ -stdlib=libstdc++  -stdlib=libstdc++ conftest.cpp -ldl >&5
configure:3011: $? = 0
configure:3059: result: yes
configure:3062: checking for C++ compiler default output file name
configure:3064: result: a.out
configure:3070: checking for suffix of executables
configure:3077: g++ -o conftest -stdlib=libstdc++  -stdlib=libstdc++ conftest.cpp -ldl >&5
configure:3081: $? = 0
configure:3103: result: 
configure:3125: checking whether we are cross compiling
configure:3133: g++ -o conftest -stdlib=libstdc++  -stdlib=libstdc++ conftest.cpp -ldl >&5
configure:3137: $? = 0
configure:3144: ./conftest
configure:3148: $? = 0
configure:3163: result: no
configure:3168: checking for suffix of object files
configure:3190: g++ -c -stdlib=libstdc++  conftest.cpp >&5
configure:3194: $? = 0
configure:3215: result: o
configure:3219: checking whether we are using the GNU C++ compiler
configure:3238: g++ -c -stdlib=libstdc++  conftest.cpp >&5
configure:3238: $? = 0
configure:3247: result: yes
configure:3256: checking whether g++ accepts -g
configure:3276: g++ -c -g  conftest.cpp >&5
configure:3276: $? = 0
configure:3317: result: yes
configure:3351: checking for style of include used by make
configure:3379: result: GNU
configure:3405: checking dependency style of g++
configure:3516: result: gcc3
configure:3591: checking build system type
configure:3605: result: x86_64-apple-darwin15.6.0
configure:3625: checking host system type
configure:3638: result: x86_64-apple-darwin15.6.0
configure:3679: checking how to print strings
configure:3706: result: printf
configure:3775: checking for gcc
configure:3791: found /usr/bin/gcc
configure:3802: result: gcc
configure:4031: checking for C compiler version
configure:4040: gcc --version >&5
Apple LLVM version 7.3.0 (clang-703.0.31)
Target: x86_64-apple-darwin15.6.0
Thread model: posix
InstalledDir: /Library/Developer/CommandLineTools/usr/bin
Configured with: --prefix=/Library/Developer/CommandLineTools/usr --with-gxx-include-dir=/usr/include/c++/4.2.1
configure:4051: $? = 0
configure:4040: gcc -v >&5
Configured with: --prefix=/Library/Developer/CommandLineTools/usr --with-gxx-include-dir=/usr/include/c++/4.2.1
Apple LLVM version 7.3.0 (clang-703.0.31)
Target: x86_64-apple-darwin15.6.0
Thread model: posix
InstalledDir: /Library/Developer/CommandLineTools/usr/bin
configure:4051: $? = 0
configure:4040: gcc -V >&5
clang: error: argument to '-V' is missing (expected 1 value)
clang: error: no input files
configure:4051: $? = 1
configure:4040: gcc -qversion >&5
clang: error: unknown argument: '-qversion'
clang: error: no input files
configure:4051: $? = 1
configure:4055: checking whether we are using the GNU C compiler
configure:4074: gcc -c   conftest.c >&5
configure:4074: $? = 0
configure:4083: result: yes
configure:4092: checking whether gcc accepts -g
configure:4112: gcc -c -g  conftest.c >&5
configure:4112: $? = 0
configure:4153: result: yes
configure:4170: checking for gcc option to accept ISO C89
configure:4233: gcc  -c -g -O2  conftest.c >&5
configure:4233: $? = 0
configure:4246: result: none needed
configure:4268: checking dependency style of gcc
configure:4379: result: gcc3
configure:4394: checking for a sed that does not truncate output
configure:4458: result: /usr/bin/sed
configure:4476: checking for grep that handles long lines and -e
configure:4534: result: /usr/bin/grep
configure:4539: checking for egrep
configure:4601: result: /usr/bin/grep -E
configure:4606: checking for fgrep
configure:4668: result: /usr/bin/grep -F
configure:4703: checking for ld used by gcc
configure:4770: result: /Library/Developer/CommandLineTools/usr/bin/ld
configure:4777: checking if the linker (/Library/Developer/CommandLineTools/usr/bin/ld) is GNU ld
configure:4792: result: no
configure:4804: checking for BSD- or MS-compatible name lister (nm)
configure:4853: result: /usr/bin/nm -B
configure:4983: checking the name lister (/usr/bin/nm -B) interface
configure:4990: gcc -c -g -O2  conftest.c >&5
configure:4993: /usr/bin/nm -B "conftest.o"
configure:4996: output
000000000000020c S _some_variable
configure:5003: result: BSD nm
configure:5006: checking whether ln -s works
configure:5010: result: yes
configure:5018: checking the maximum length of command line arguments
configure:5148: result: 196608
configure:5165: checking whether the shell understands some XSI constructs
configure:5175: result: yes
configure:5179: checking whether the shell understands "+="
configure:5185: result: yes
configure:5220: checking how to convert x86_64-apple-darwin15.6.0 file names to x86_64-apple-darwin15.6.0 format
configure:5260: result: func_convert_file_noop
configure:5267: checking how to convert x86_64-apple-darwin15.6.0 file names to toolchain format
configure:5287: result: func_convert_file_noop
configure:5294: checking for /Library/Developer/CommandLineTools/usr/bin/ld option to reload object files
configure:5301: result: -r
configure:5375: checking for objdump
configure:5405: result: no
configure:5434: checking how to recognize dependent libraries
configure:5636: result: pass_all
configure:5721: checking for dlltool
configure:5751: result: no
configure:5781: checking how to associate runtime and link libraries
configure:5808: result: printf %s\n
configure:5869: checking for ar
configure:5885: found /opt/local/bin/ar
configure:5896: result: ar
configure:5933: checking for archiver @FILE support
configure:5950: gcc -c -g -O2  conftest.c >&5
configure:5950: $? = 0
configure:5953: ar cru libconftest.a @conftest.lst >&5
ar: @conftest.lst: No such file or directory
configure:5956: $? = 1
configure:5976: result: no
configure:6034: checking for strip
configure:6050: found /opt/local/bin/strip
configure:6061: result: strip
configure:6133: checking for ranlib
configure:6149: found /opt/local/bin/ranlib
configure:6160: result: ranlib
configure:6262: checking command to parse /usr/bin/nm -B output from gcc object
configure:6382: gcc -c -g -O2  conftest.c >&5
configure:6385: $? = 0
configure:6389: /usr/bin/nm -B conftest.o \| sed -n -e 's/^.*[ ]\([BCDEGRST][BCDEGRST]*\)[ ][ ]*\([_A-Za-z][_A-Za-z0-9]*\)$/\1 \2 \2/p' | sed '/ __gnu_lto/d' \> conftest.nm
configure:6392: $? = 0
cannot find nm_test_var in conftest.nm
configure:6382: gcc -c -g -O2  conftest.c >&5
configure:6385: $? = 0
configure:6389: /usr/bin/nm -B conftest.o \| sed -n -e 's/^.*[ ]\([BCDEGRST][BCDEGRST]*\)[ ][ ]*_\([_A-Za-z][_A-Za-z0-9]*\)$/\1 _\2 \2/p' | sed '/ __gnu_lto/d' \> conftest.nm
configure:6392: $? = 0
configure:6458: gcc -o conftest -g -O2  -stdlib=libstdc++ conftest.c conftstm.o >&5
warning: (x86_64)  could not find object file symbol for symbol _main
configure:6461: $? = 0
configure:6499: result: ok
configure:6536: checking for sysroot
configure:6566: result: no
configure:6822: checking for mt
configure:6852: result: no
configure:6872: checking if : is a manifest tool
configure:6878: : '-?'
configure:6886: result: no
configure:6942: checking for dsymutil
configure:6958: found /usr/bin/dsymutil
configure:6969: result: dsymutil
configure:7034: checking for nmedit
configure:7050: found /opt/local/bin/nmedit
configure:7061: result: nmedit
configure:7126: checking for lipo
configure:7142: found /opt/local/bin/lipo
configure:7153: result: lipo
configure:7218: checking for otool
configure:7234: found /opt/local/bin/otool
configure:7245: result: otool
configure:7310: checking for otool64
configure:7340: result: no
configure:7385: checking for -single_module linker flag
gcc -g -O2 -stdlib=libstdc++ -o libconftest.dylib -dynamiclib -Wl,-single_module conftest.c
configure:7418: result: yes
configure:7421: checking for -exported_symbols_list linker flag
configure:7441: gcc -o conftest -g -O2  -stdlib=libstdc++ -Wl,-exported_symbols_list,conftest.sym conftest.c -ldl >&5
configure:7441: $? = 0
configure:7451: result: yes
configure:7454: checking for -force_load linker flag
gcc -g -O2 -c -o conftest.o conftest.c
ar cru libconftest.a conftest.o
ranlib libconftest.a
gcc -g -O2 -stdlib=libstdc++ -o conftest conftest.c -Wl,-force_load,./libconftest.a
configure:7486: result: yes
configure:7528: checking how to run the C preprocessor
configure:7559: gcc -E  conftest.c
configure:7559: $? = 0
configure:7573: gcc -E  conftest.c
conftest.c:11:10: fatal error: 'ac_nonexistent.h' file not found
#include <ac_nonexistent.h>
         ^
1 error generated.
configure:7573: $? = 1
configure: failed program was:
| /* confdefs.h */
| #define PACKAGE_NAME "OpenFst"
| #define PACKAGE_TARNAME "openfst"
| #define PACKAGE_VERSION "1.3.4"
| #define PACKAGE_STRING "OpenFst 1.3.4"
| #define PACKAGE_BUGREPORT "help@www.openfst.org"
| #define PACKAGE_URL ""
| #define PACKAGE "openfst"
| #define VERSION "1.3.4"
| /* end confdefs.h.  */
| #include <ac_nonexistent.h>
configure:7598: result: gcc -E
configure:7618: gcc -E  conftest.c
configure:7618: $? = 0
configure:7632: gcc -E  conftest.c
conftest.c:11:10: fatal error: 'ac_nonexistent.h' file not found
#include <ac_nonexistent.h>
         ^
1 error generated.
configure:7632: $? = 1
configure: failed program was:
| /* confdefs.h */
| #define PACKAGE_NAME "OpenFst"
| #define PACKAGE_TARNAME "openfst"
| #define PACKAGE_VERSION "1.3.4"
| #define PACKAGE_STRING "OpenFst 1.3.4"
| #define PACKAGE_BUGREPORT "help@www.openfst.org"
| #define PACKAGE_URL ""
| #define PACKAGE "openfst"
| #define VERSION "1.3.4"
| /* end confdefs.h.  */
| #include <ac_nonexistent.h>
configure:7661: checking for ANSI C header files
configure:7681: gcc -c -g -O2  conftest.c >&5
configure:7681: $? = 0
configure:7754: gcc -o conftest -g -O2  -stdlib=libstdc++ conftest.c -ldl >&5
configure:7754: $? = 0
configure:7754: ./conftest
configure:7754: $? = 0
configure:7765: result: yes
configure:7778: checking for sys/types.h
configure:7778: gcc -c -g -O2  conftest.c >&5
configure:7778: $? = 0
configure:7778: result: yes
configure:7778: checking for sys/stat.h
configure:7778: gcc -c -g -O2  conftest.c >&5
configure:7778: $? = 0
configure:7778: result: yes
configure:7778: checking for stdlib.h
configure:7778: gcc -c -g -O2  conftest.c >&5
configure:7778: $? = 0
configure:7778: result: yes
configure:7778: checking for string.h
configure:7778: gcc -c -g -O2  conftest.c >&5
configure:7778: $? = 0
configure:7778: result: yes
configure:7778: checking for memory.h
configure:7778: gcc -c -g -O2  conftest.c >&5
configure:7778: $? = 0
configure:7778: result: yes
configure:7778: checking for strings.h
configure:7778: gcc -c -g -O2  conftest.c >&5
configure:7778: $? = 0
configure:7778: result: yes
configure:7778: checking for inttypes.h
configure:7778: gcc -c -g -O2  conftest.c >&5
configure:7778: $? = 0
configure:7778: result: yes
configure:7778: checking for stdint.h
configure:7778: gcc -c -g -O2  conftest.c >&5
configure:7778: $? = 0
configure:7778: result: yes
configure:7778: checking for unistd.h
configure:7778: gcc -c -g -O2  conftest.c >&5
configure:7778: $? = 0
configure:7778: result: yes
configure:7792: checking for dlfcn.h
configure:7792: gcc -c -g -O2  conftest.c >&5
configure:7792: $? = 0
configure:7792: result: yes
configure:7979: checking for objdir
configure:7994: result: .libs
configure:8265: checking if gcc supports -fno-rtti -fno-exceptions
configure:8283: gcc -c -g -O2  -fno-rtti -fno-exceptions conftest.c >&5
configure:8287: $? = 0
configure:8300: result: yes
configure:8627: checking for gcc option to produce PIC
configure:8634: result: -fno-common -DPIC
configure:8642: checking if gcc PIC flag -fno-common -DPIC works
configure:8660: gcc -c -g -O2  -fno-common -DPIC -DPIC conftest.c >&5
configure:8664: $? = 0
configure:8677: result: yes
configure:8706: checking if gcc static flag -static works
configure:8734: result: no
configure:8749: checking if gcc supports -c -o file.o
configure:8770: gcc -c -g -O2  -o out/conftest2.o conftest.c >&5
configure:8774: $? = 0
configure:8796: result: yes
configure:8804: checking if gcc supports -c -o file.o
configure:8851: result: yes
configure:8884: checking whether the gcc linker (/Library/Developer/CommandLineTools/usr/bin/ld) supports shared libraries
configure:10041: result: yes
configure:10281: checking dynamic linker characteristics
configure:11026: result: darwin15.6.0 dyld
configure:11133: checking how to hardcode library paths into programs
configure:11158: result: immediate
configure:11698: checking whether stripping libraries is possible
configure:11712: result: yes
configure:11738: checking if libtool supports shared libraries
configure:11740: result: yes
configure:11743: checking whether to build shared libraries
configure:11764: result: yes
configure:11767: checking whether to build static libraries
configure:11771: result: yes
configure:11794: checking how to run the C++ preprocessor
configure:11821: g++ -E  conftest.cpp
configure:11821: $? = 0
configure:11835: g++ -E  conftest.cpp
conftest.cpp:23:10: fatal error: 'ac_nonexistent.h' file not found
#include <ac_nonexistent.h>
         ^
1 error generated.
configure:11835: $? = 1
configure: failed program was:
| /* confdefs.h */
| #define PACKAGE_NAME "OpenFst"
| #define PACKAGE_TARNAME "openfst"
| #define PACKAGE_VERSION "1.3.4"
| #define PACKAGE_STRING "OpenFst 1.3.4"
| #define PACKAGE_BUGREPORT "help@www.openfst.org"
| #define PACKAGE_URL ""
| #define PACKAGE "openfst"
| #define VERSION "1.3.4"
| #define STDC_HEADERS 1
| #define HAVE_SYS_TYPES_H 1
| #define HAVE_SYS_STAT_H 1
| #define HAVE_STDLIB_H 1
| #define HAVE_STRING_H 1
| #define HAVE_MEMORY_H 1
| #define HAVE_STRINGS_H 1
| #define HAVE_INTTYPES_H 1
| #define HAVE_STDINT_H 1
| #define HAVE_UNISTD_H 1
| #define HAVE_DLFCN_H 1
| #define LT_OBJDIR ".libs/"
| /* end confdefs.h.  */
| #include <ac_nonexistent.h>
configure:11860: result: g++ -E
configure:11880: g++ -E  conftest.cpp
configure:11880: $? = 0
configure:11894: g++ -E  conftest.cpp
conftest.cpp:23:10: fatal error: 'ac_nonexistent.h' file not found
#include <ac_nonexistent.h>
         ^
1 error generated.
configure:11894: $? = 1
configure: failed program was:
| /* confdefs.h */
| #define PACKAGE_NAME "OpenFst"
| #define PACKAGE_TARNAME "openfst"
| #define PACKAGE_VERSION "1.3.4"
| #define PACKAGE_STRING "OpenFst 1.3.4"
| #define PACKAGE_BUGREPORT "help@www.openfst.org"
| #define PACKAGE_URL ""
| #define PACKAGE "openfst"
| #define VERSION "1.3.4"
| #define STDC_HEADERS 1
| #define HAVE_SYS_TYPES_H 1
| #define HAVE_SYS_STAT_H 1
| #define HAVE_STDLIB_H 1
| #define HAVE_STRING_H 1
| #define HAVE_MEMORY_H 1
| #define HAVE_STRINGS_H 1
| #define HAVE_INTTYPES_H 1
| #define HAVE_STDINT_H 1
| #define HAVE_UNISTD_H 1
| #define HAVE_DLFCN_H 1
| #define LT_OBJDIR ".libs/"
| /* end confdefs.h.  */
| #include <ac_nonexistent.h>
configure:12063: checking for ld used by g++
configure:12130: result: /Library/Developer/CommandLineTools/usr/bin/ld
configure:12137: checking if the linker (/Library/Developer/CommandLineTools/usr/bin/ld) is GNU ld
configure:12152: result: no
configure:12207: checking whether the g++ linker (/Library/Developer/CommandLineTools/usr/bin/ld) supports shared libraries
configure:13212: result: yes
configure:13248: g++ -c -stdlib=libstdc++  conftest.cpp >&5
configure:13251: $? = 0
configure:13771: checking for g++ option to produce PIC
configure:13778: result: -fno-common -DPIC
configure:13786: checking if g++ PIC flag -fno-common -DPIC works
configure:13804: g++ -c -stdlib=libstdc++  -fno-common -DPIC -DPIC conftest.cpp >&5
configure:13808: $? = 0
configure:13821: result: yes
configure:13844: checking if g++ static flag -static works
configure:13872: result: no
configure:13884: checking if g++ supports -c -o file.o
configure:13905: g++ -c -stdlib=libstdc++  -o out/conftest2.o conftest.cpp >&5
configure:13909: $? = 0
configure:13931: result: yes
configure:13936: checking if g++ supports -c -o file.o
configure:13983: result: yes
configure:14013: checking whether the g++ linker (/Library/Developer/CommandLineTools/usr/bin/ld) supports shared libraries
configure:14052: result: yes
configure:14193: checking dynamic linker characteristics
configure:14872: result: darwin15.6.0 dyld
configure:14925: checking how to hardcode library paths into programs
configure:14950: result: immediate
configure:15026: checking for std::tr1::hash<long long unsigned>
configure:15026: g++ -c -stdlib=libstdc++  conftest.cpp >&5
configure:15026: $? = 0
configure:15026: g++ -c -stdlib=libstdc++  conftest.cpp >&5
conftest.cpp:28:49: error: expected expression
if (sizeof ((std::tr1::hash<long long unsigned>)))
                                                ^
1 error generated.
configure:15026: $? = 1
configure: failed program was:
| /* confdefs.h */
| #define PACKAGE_NAME "OpenFst"
| #define PACKAGE_TARNAME "openfst"
| #define PACKAGE_VERSION "1.3.4"
| #define PACKAGE_STRING "OpenFst 1.3.4"
| #define PACKAGE_BUGREPORT "help@www.openfst.org"
| #define PACKAGE_URL ""
| #define PACKAGE "openfst"
| #define VERSION "1.3.4"
| #define STDC_HEADERS 1
| #define HAVE_SYS_TYPES_H 1
| #define HAVE_SYS_STAT_H 1
| #define HAVE_STDLIB_H 1
| #define HAVE_STRING_H 1
| #define HAVE_MEMORY_H 1
| #define HAVE_STRINGS_H 1
| #define HAVE_INTTYPES_H 1
| #define HAVE_STDINT_H 1
| #define HAVE_UNISTD_H 1
| #define HAVE_DLFCN_H 1
| #define LT_OBJDIR ".libs/"
| /* end confdefs.h.  */
| #include <tr1/unordered_map>
| 
| int
| main ()
| {
| if (sizeof ((std::tr1::hash<long long unsigned>)))
| 	    return 0;
|   ;
|   return 0;
| }
configure:15026: result: yes
configure:15038: checking for __gnu_cxx::slist<int>
configure:15038: g++ -c -stdlib=libstdc++  conftest.cpp >&5
configure:15038: $? = 0
configure:15038: g++ -c -stdlib=libstdc++  conftest.cpp >&5
conftest.cpp:29:36: error: expected expression
if (sizeof ((__gnu_cxx::slist<int>)))
                                   ^
1 error generated.
configure:15038: $? = 1
configure: failed program was:
| /* confdefs.h */
| #define PACKAGE_NAME "OpenFst"
| #define PACKAGE_TARNAME "openfst"
| #define PACKAGE_VERSION "1.3.4"
| #define PACKAGE_STRING "OpenFst 1.3.4"
| #define PACKAGE_BUGREPORT "help@www.openfst.org"
| #define PACKAGE_URL ""
| #define PACKAGE "openfst"
| #define VERSION "1.3.4"
| #define STDC_HEADERS 1
| #define HAVE_SYS_TYPES_H 1
| #define HAVE_SYS_STAT_H 1
| #define HAVE_STDLIB_H 1
| #define HAVE_STRING_H 1
| #define HAVE_MEMORY_H 1
| #define HAVE_STRINGS_H 1
| #define HAVE_INTTYPES_H 1
| #define HAVE_STDINT_H 1
| #define HAVE_UNISTD_H 1
| #define HAVE_DLFCN_H 1
| #define LT_OBJDIR ".libs/"
| #define HAVE_STD__TR1__HASH_LONG_LONG_UNSIGNED_ 1
| /* end confdefs.h.  */
| #include <ext/slist>
| 
| int
| main ()
| {
| if (sizeof ((__gnu_cxx::slist<int>)))
| 	    return 0;
|   ;
|   return 0;
| }
configure:15038: result: yes
configure:15339: creating ./config.status

## ---------------- ##
## Cache variables. ##
## ---------------- ##

ac_cv_build=x86_64-apple-darwin15.6.0
ac_cv_c_compiler_gnu=yes
ac_cv_cxx_compiler_gnu=yes
ac_cv_env_CCC_set=
ac_cv_env_CCC_value=
ac_cv_env_CC_set=
ac_cv_env_CC_value=
ac_cv_env_CFLAGS_set=
ac_cv_env_CFLAGS_value=
ac_cv_env_CPPFLAGS_set=
ac_cv_env_CPPFLAGS_value=
ac_cv_env_CPP_set=
ac_cv_env_CPP_value=
ac_cv_env_CXXCPP_set=
ac_cv_env_CXXCPP_value=
ac_cv_env_CXXFLAGS_set=set
ac_cv_env_CXXFLAGS_value=-stdlib=libstdc++
ac_cv_env_CXX_set=set
ac_cv_env_CXX_value=g++
ac_cv_env_LDFLAGS_set=set
ac_cv_env_LDFLAGS_value=-stdlib=libstdc++
ac_cv_env_LIBS_set=set
ac_cv_env_LIBS_value=-ldl
ac_cv_env_build_alias_set=
ac_cv_env_build_alias_value=
ac_cv_env_host_alias_set=
ac_cv_env_host_alias_value=
ac_cv_env_target_alias_set=
ac_cv_env_target_alias_value=
ac_cv_header_dlfcn_h=yes
ac_cv_header_inttypes_h=yes
ac_cv_header_memory_h=yes
ac_cv_header_stdc=yes
ac_cv_header_stdint_h=yes
ac_cv_header_stdlib_h=yes
ac_cv_header_string_h=yes
ac_cv_header_strings_h=yes
ac_cv_header_sys_stat_h=yes
ac_cv_header_sys_types_h=yes
ac_cv_header_unistd_h=yes
ac_cv_host=x86_64-apple-darwin15.6.0
ac_cv_objext=o
ac_cv_path_EGREP='/usr/bin/grep -E'
ac_cv_path_FGREP='/usr/bin/grep -F'
ac_cv_path_GREP=/usr/bin/grep
ac_cv_path_SED=/usr/bin/sed
ac_cv_path_install='/usr/bin/install -c'
ac_cv_prog_AWK=awk
ac_cv_prog_CPP='gcc -E'
ac_cv_prog_CXXCPP='g++ -E'
ac_cv_prog_ac_ct_AR=ar
ac_cv_prog_ac_ct_CC=gcc
ac_cv_prog_ac_ct_DSYMUTIL=dsymutil
ac_cv_prog_ac_ct_LIPO=lipo
ac_cv_prog_ac_ct_NMEDIT=nmedit
ac_cv_prog_ac_ct_OTOOL=otool
ac_cv_prog_ac_ct_RANLIB=ranlib
ac_cv_prog_ac_ct_STRIP=strip
ac_cv_prog_cc_c89=
ac_cv_prog_cc_g=yes
ac_cv_prog_cxx_g=yes
ac_cv_prog_make_make_set=yes
ac_cv_type___gnu_cxx__slist_int_=yes
ac_cv_type_std__tr1__hash_long_long_unsigned_=yes
am_cv_CC_dependencies_compiler_type=gcc3
am_cv_CXX_dependencies_compiler_type=gcc3
lt_cv_apple_cc_single_mod=yes
lt_cv_ar_at_file=no
lt_cv_deplibs_check_method=pass_all
lt_cv_file_magic_cmd='$MAGIC_CMD'
lt_cv_file_magic_test_file=
lt_cv_ld_exported_symbols_list=yes
lt_cv_ld_force_load=yes
lt_cv_ld_reload_flag=-r
lt_cv_nm_interface='BSD nm'
lt_cv_objdir=.libs
lt_cv_path_LD=/Library/Developer/CommandLineTools/usr/bin/ld
lt_cv_path_LDCXX=/Library/Developer/CommandLineTools/usr/bin/ld
lt_cv_path_NM='/usr/bin/nm -B'
lt_cv_path_mainfest_tool=no
lt_cv_prog_compiler_c_o=yes
lt_cv_prog_compiler_c_o_CXX=yes
lt_cv_prog_compiler_pic='-fno-common -DPIC'
lt_cv_prog_compiler_pic_CXX='-fno-common -DPIC'
lt_cv_prog_compiler_pic_works=yes
lt_cv_prog_compiler_pic_works_CXX=yes
lt_cv_prog_compiler_rtti_exceptions=yes
lt_cv_prog_compiler_static_works=no
lt_cv_prog_compiler_static_works_CXX=no
lt_cv_prog_gnu_ld=no
lt_cv_prog_gnu_ldcxx=no
lt_cv_sharedlib_from_linklib_cmd='printf %s\n'
lt_cv_sys_global_symbol_pipe='sed -n -e '\''s/^.*[	 ]\([BCDEGRST][BCDEGRST]*\)[	 ][	 ]*_\([_A-Za-z][_A-Za-z0-9]*\)$/\1 _\2 \2/p'\'' | sed '\''/ __gnu_lto/d'\'''
lt_cv_sys_global_symbol_to_c_name_address='sed -n -e '\''s/^: \([^ ]*\)[ ]*$/  {\"\1\", (void *) 0},/p'\'' -e '\''s/^[BCDEGRST]* \([^ ]*\) \([^ ]*\)$/  {"\2", (void *) \&\2},/p'\'''
lt_cv_sys_global_symbol_to_c_name_address_lib_prefix='sed -n -e '\''s/^: \([^ ]*\)[ ]*$/  {\"\1\", (void *) 0},/p'\'' -e '\''s/^[BCDEGRST]* \([^ ]*\) \(lib[^ ]*\)$/  {"\2", (void *) \&\2},/p'\'' -e '\''s/^[BCDEGRST]* \([^ ]*\) \([^ ]*\)$/  {"lib\2", (void *) \&\2},/p'\'''
lt_cv_sys_global_symbol_to_cdecl='sed -n -e '\''s/^T .* \(.*\)$/extern int \1();/p'\'' -e '\''s/^[BCDEGRST]* .* \(.*\)$/extern char \1;/p'\'''
lt_cv_sys_max_cmd_len=196608
lt_cv_to_host_file_cmd=func_convert_file_noop
lt_cv_to_tool_file_cmd=func_convert_file_noop

## ----------------- ##
## Output variables. ##
## ----------------- ##

ACLOCAL='${SHELL} /Volumes/Seagate/Seagate_Dashboard/kaldi/tools/openfst-1.3.4/missing --run aclocal-1.11'
AMDEPBACKSLASH='\'
AMDEP_FALSE='#'
AMDEP_TRUE=''
AMTAR='$${TAR-tar}'
AR='ar'
AUTOCONF='${SHELL} /Volumes/Seagate/Seagate_Dashboard/kaldi/tools/openfst-1.3.4/missing --run autoconf'
AUTOHEADER='${SHELL} /Volumes/Seagate/Seagate_Dashboard/kaldi/tools/openfst-1.3.4/missing --run autoheader'
AUTOMAKE='${SHELL} /Volumes/Seagate/Seagate_Dashboard/kaldi/tools/openfst-1.3.4/missing --run automake-1.11'
AWK='awk'
CC='gcc'
CCDEPMODE='depmode=gcc3'
CFLAGS='-g -O2'
CPP='gcc -E'
CPPFLAGS=''
CXX='g++'
CXXCPP='g++ -E'
CXXDEPMODE='depmode=gcc3'
CXXFLAGS='-stdlib=libstdc++'
CYGPATH_W='echo'
DEFS='-DHAVE_CONFIG_H'
DEPDIR='.deps'
DLLTOOL='false'
DSYMUTIL='dsymutil'
DUMPBIN=''
ECHO_C='\c'
ECHO_N=''
ECHO_T=''
EGREP='/usr/bin/grep -E'
EXEEXT=''
FGREP='/usr/bin/grep -F'
GREP='/usr/bin/grep'
HAVE_BIN_FALSE='#'
HAVE_BIN_TRUE=''
HAVE_COMPACT_FALSE=''
HAVE_COMPACT_TRUE='#'
HAVE_CONST_FALSE=''
HAVE_CONST_TRUE='#'
HAVE_FAR_FALSE='#'
HAVE_FAR_TRUE=''
HAVE_LOOKAHEAD_FALSE=''
HAVE_LOOKAHEAD_TRUE='#'
HAVE_NGRAM_FALSE='#'
HAVE_NGRAM_TRUE=''
HAVE_PDT_FALSE=''
HAVE_PDT_TRUE='#'
HAVE_SCRIPT_FALSE='#'
HAVE_SCRIPT_TRUE=''
INSTALL_DATA='${INSTALL} -m 644'
INSTALL_PROGRAM='${INSTALL}'
INSTALL_SCRIPT='${INSTALL}'
INSTALL_STRIP_PROGRAM='$(install_sh) -c -s'
LD='/Library/Developer/CommandLineTools/usr/bin/ld'
LDFLAGS='-stdlib=libstdc++'
LIBOBJS=''
LIBS='-ldl'
LIBTOOL='$(SHELL) $(top_builddir)/libtool'
LIPO='lipo'
LN_S='ln -s'
LTLIBOBJS=''
MAKEINFO='${SHELL} /Volumes/Seagate/Seagate_Dashboard/kaldi/tools/openfst-1.3.4/missing --run makeinfo'
MANIFEST_TOOL=':'
MKDIR_P='./install-sh -c -d'
NM='/usr/bin/nm -B'
NMEDIT='nmedit'
OBJDUMP='false'
OBJEXT='o'
OTOOL64=':'
OTOOL='otool'
PACKAGE='openfst'
PACKAGE_BUGREPORT='help@www.openfst.org'
PACKAGE_NAME='OpenFst'
PACKAGE_STRING='OpenFst 1.3.4'
PACKAGE_TARNAME='openfst'
PACKAGE_URL=''
PACKAGE_VERSION='1.3.4'
PATH_SEPARATOR=':'
RANLIB='ranlib'
SED='/usr/bin/sed'
SET_MAKE=''
SHELL='/bin/sh'
STRIP='strip'
VERSION='1.3.4'
ac_ct_AR='ar'
ac_ct_CC='gcc'
ac_ct_CXX=''
ac_ct_DUMPBIN=''
am__EXEEXT_FALSE=''
am__EXEEXT_TRUE='#'
am__fastdepCC_FALSE='#'
am__fastdepCC_TRUE=''
am__fastdepCXX_FALSE='#'
am__fastdepCXX_TRUE=''
am__include='include'
am__isrc=''
am__leading_dot='.'
am__nodep='_no'
am__quote=''
am__tar='$${TAR-tar} chof - "$$tardir"'
am__untar='$${TAR-tar} xf -'
bindir='${exec_prefix}/bin'
build='x86_64-apple-darwin15.6.0'
build_alias=''
build_cpu='x86_64'
build_os='darwin15.6.0'
build_vendor='apple'
datadir='${datarootdir}'
datarootdir='${prefix}/share'
docdir='${datarootdir}/doc/${PACKAGE_TARNAME}'
dvidir='${docdir}'
exec_prefix='${prefix}'
host='x86_64-apple-darwin15.6.0'
host_alias=''
host_cpu='x86_64'
host_os='darwin15.6.0'
host_vendor='apple'
htmldir='${docdir}'
includedir='${prefix}/include'
infodir='${datarootdir}/info'
install_sh='${SHELL} /Volumes/Seagate/Seagate_Dashboard/kaldi/tools/openfst-1.3.4/install-sh'
libdir='${exec_prefix}/lib'
libexecdir='${exec_prefix}/libexec'
libfstdir='${exec_prefix}/lib/fst'
localedir='${datarootdir}/locale'
localstatedir='${prefix}/var'
mandir='${datarootdir}/man'
mkdir_p='$(top_builddir)/./install-sh -c -d'
oldincludedir='/usr/include'
pdfdir='${docdir}'
prefix='/Volumes/Seagate/Seagate_Dashboard/kaldi/tools/openfst-1.3.4'
program_transform_name='s,x,x,'
psdir='${docdir}'
sbindir='${exec_prefix}/sbin'
sharedstatedir='${prefix}/com'
sysconfdir='${prefix}/etc'
target_alias=''

## ----------- ##
## confdefs.h. ##
## ----------- ##

/* confdefs.h */
#define PACKAGE_NAME "OpenFst"
#define PACKAGE_TARNAME "openfst"
#define PACKAGE_VERSION "1.3.4"
#define PACKAGE_STRING "OpenFst 1.3.4"
#define PACKAGE_BUGREPORT "help@www.openfst.org"
#define PACKAGE_URL ""
#define PACKAGE "openfst"
#define VERSION "1.3.4"
#define STDC_HEADERS 1
#define HAVE_SYS_TYPES_H 1
#define HAVE_SYS_STAT_H 1
#define HAVE_STDLIB_H 1
#define HAVE_STRING_H 1
#define HAVE_MEMORY_H 1
#define HAVE_STRINGS_H 1
#define HAVE_INTTYPES_H 1
#define HAVE_STDINT_H 1
#define HAVE_UNISTD_H 1
#define HAVE_DLFCN_H 1
#define LT_OBJDIR ".libs/"
#define HAVE_STD__TR1__HASH_LONG_LONG_UNSIGNED_ 1
#define HAVE___GNU_CXX__SLIST_INT_ 1

configure: exit 0

## ---------------------- ##
## Running config.status. ##
## ---------------------- ##

This file was extended by OpenFst config.status 1.3.4, which was
generated by GNU Autoconf 2.69.  Invocation command line was

  CONFIG_FILES    = 
  CONFIG_HEADERS  = 
  CONFIG_LINKS    = 
  CONFIG_COMMANDS = 
  $ ./config.status 

on Sooyoungs-MacBook-Air.local

config.status:1169: creating Makefile
config.status:1169: creating src/Makefile
config.status:1169: creating src/include/Makefile
config.status:1169: creating src/lib/Makefile
config.status:1169: creating src/bin/Makefile
config.status:1169: creating src/test/Makefile
config.status:1169: creating src/extensions/Makefile
config.status:1169: creating src/extensions/compact/Makefile
config.status:1169: creating src/extensions/const/Makefile
config.status:1169: creating src/extensions/far/Makefile
config.status:1169: creating src/extensions/lookahead/Makefile
config.status:1169: creating src/extensions/ngram/Makefile
config.status:1169: creating src/extensions/pdt/Makefile
config.status:1169: creating src/script/Makefile
config.status:1169: creating config.h
config.status:1169: creating src/include/fst/config.h
config.status:1350: src/include/fst/config.h is unchanged
config.status:1398: executing depfiles commands
config.status:1398: executing libtool commands

## ---------------------- ##
## Running config.status. ##
## ---------------------- ##

This file was extended by OpenFst config.status 1.3.4, which was
generated by GNU Autoconf 2.69.  Invocation command line was

  CONFIG_FILES    = 
  CONFIG_HEADERS  = 
  CONFIG_LINKS    = 
  CONFIG_COMMANDS = 
  $ ./config.status config.h

on Sooyoungs-MacBook-Air.local

config.status:1169: creating config.h
config.status:1350: config.h is unchanged
